<?xml version="1.0" encoding="UTF-8" standalone="yes" ?>
<test-results name="C:\Users\Зайченок\Desktop\Максим\Git\cloudapi\Test\Telegram\Win32\Debug\TelegaTest.exe" total="6" errors="0" failures="0" ignored="0" inconclusive="0" not-run="0" skipped="0" invalid="0" date="2018-06-28" time="18.457">
  <culture-info current-culture="en" current-uiculture="en" />
  <test-suite type="Assembly" name="TelegaTest.exe" executed="true" result="Success" success="True" time="18.457" asserts="0">
    <results>
        <test-suite type="Namespace" name="Test" executed="true" result="Success" success="True" time="18.451" asserts="0" >
          <results>
              <test-suite type="Fixture" name="TMyTestObject" executed="True" result="Success" success="True" time="18.451" >
                <results>
                  <test-case name="SendTextMessage" executed="True" result="Success" success="True" time="1.078" asserts="0" />
                  <test-case name="SendTextMessageToChanel" executed="True" result="Success" success="True" time="0.131" asserts="0" />
                  <test-case name="ForwardMessage" executed="True" result="Success" success="True" time="0.223" asserts="0" />
                  <test-case name="Parse_MarkDown_Entities" executed="True" result="Success" success="True" time="0.129" asserts="0" />
                  <test-case name="Parse_Html_Entities" executed="True" result="Success" success="True" time="0.127" asserts="0" />
                  <test-case name="Should_Parse_Message_Entities_Into_Values" executed="True" result="Success" success="True" time="16.645" asserts="0" />
                </results>
              </test-suite>
          </results>
        </test-suite>
    </results>
  </test-suite>
</test-results>
